[debug] [2024-01-02T06:03:52.285Z] ----------------------------------------------------------------------
[debug] [2024-01-02T06:03:52.287Z] Command:       C:\Program Files\nodejs\node.exe C:\Users\saay\AppData\Roaming\npm\node_modules\firebase-tools\lib\bin\firebase.js init
[debug] [2024-01-02T06:03:52.287Z] CLI Version:   13.0.2
[debug] [2024-01-02T06:03:52.288Z] Platform:      win32
[debug] [2024-01-02T06:03:52.288Z] Node Version:  v18.17.0
[debug] [2024-01-02T06:03:52.289Z] Time:          Tue Jan 02 2024 11:33:52 GMT+0530 (India Standard Time)
[debug] [2024-01-02T06:03:52.289Z] ----------------------------------------------------------------------
[debug] 
[debug] [2024-01-02T06:03:52.296Z] > command requires scopes: ["email","openid","https://www.googleapis.com/auth/cloudplatformprojects.readonly","https://www.googleapis.com/auth/firebase","https://www.googleapis.com/auth/cloud-platform"]
[debug] [2024-01-02T06:03:52.297Z] > authorizing via signed-in user (sarukrishna247@gmail.com)
[info] 
     ######## #### ########  ######## ########     ###     ######  ########
     ##        ##  ##     ## ##       ##     ##  ##   ##  ##       ##
     ######    ##  ########  ######   ########  #########  ######  ######
     ##        ##  ##    ##  ##       ##     ## ##     ##       ## ##
     ##       #### ##     ## ######## ########  ##     ##  ######  ########

You're about to initialize a Firebase project in this directory:

  D:\Projects\My Projects\React Native\MovieApp

[info] 
=== Project Setup
[info] 
[info] First, let's associate this project directory with a Firebase project.
[info] You can create multiple project aliases by running firebase use --add, 
[info] but for now we'll just set up a default project.
[info] 
[debug] [2024-01-02T06:04:18.892Z] >>> [apiv2][query] GET https://firebase.googleapis.com/v1beta1/projects pageSize=100
[debug] [2024-01-02T06:04:20.352Z] <<< [apiv2][status] GET https://firebase.googleapis.com/v1beta1/projects 200
[debug] [2024-01-02T06:04:20.352Z] <<< [apiv2][body] GET https://firebase.googleapis.com/v1beta1/projects [omitted]
[info] i  Using project movier-88f92 (MovieR) 
[info] 
=== Hosting Setup
[debug] [2024-01-02T06:04:21.614Z] >>> [apiv2][query] GET https://firebase.googleapis.com/v1beta1/projects/movier-88f92 [none]
[debug] [2024-01-02T06:04:22.575Z] <<< [apiv2][status] GET https://firebase.googleapis.com/v1beta1/projects/movier-88f92 200
[debug] [2024-01-02T06:04:22.576Z] <<< [apiv2][body] GET https://firebase.googleapis.com/v1beta1/projects/movier-88f92 {"projectId":"movier-88f92","projectNumber":"999143967958","displayName":"MovieR","name":"projects/movier-88f92","resources":{"hostingSite":"movier-88f92"},"state":"ACTIVE","etag":"1_eb7ad6ad-c5b3-4c2d-a0a2-7d162884b6c7"}
[info] 
[info] Your public directory is the folder (relative to your project directory) that
[info] will contain Hosting assets to be uploaded with firebase deploy. If you
[info] have a build process for your assets, use your build's output directory.
[info] 
